{
 "displayTimeUnit": "ms", 
 "traceEvents": [
  {
   "name": "FACTORY-PORT", 
   "tid": "TRUCK:TRUCK1", 
   "ph": "B", 
   "args": {
    "cargo": [
     "CARGO:FACTORY_A_0"
    ], 
    "transport": "TRUCK:TRUCK1"
   }, 
   "pid": "TRUCK:TRUCK1", 
   "ts": 0, 
   "cat": "ddd"
  }, 
  {
   "name": "FACTORY-PORT", 
   "tid": "TRUCK:TRUCK2", 
   "ph": "B", 
   "args": {
    "cargo": [
     "CARGO:FACTORY_A_1"
    ], 
    "transport": "TRUCK:TRUCK2"
   }, 
   "pid": "TRUCK:TRUCK2", 
   "ts": 0, 
   "cat": "ddd"
  }, 
  {
   "tid": "TRUCK:TRUCK1", 
   "ph": "E", 
   "args": {
    "cargo": [
     "CARGO:FACTORY_A_0"
    ], 
    "transport": "TRUCK:TRUCK1"
   }, 
   "pid": "TRUCK:TRUCK1", 
   "ts": 1, 
   "cat": "ddd"
  }, 
  {
   "tid": "TRUCK:TRUCK2", 
   "ph": "E", 
   "args": {
    "cargo": [
     "CARGO:FACTORY_A_1"
    ], 
    "transport": "TRUCK:TRUCK2"
   }, 
   "pid": "TRUCK:TRUCK2", 
   "ts": 1, 
   "cat": "ddd"
  }, 
  {
   "name": "PORT-FACTORY", 
   "tid": "TRUCK:TRUCK1", 
   "ph": "B", 
   "args": {
    "cargo": [], 
    "transport": "TRUCK:TRUCK1"
   }, 
   "pid": "TRUCK:TRUCK1", 
   "ts": 1, 
   "cat": "ddd"
  }, 
  {
   "name": "PORT-FACTORY", 
   "tid": "TRUCK:TRUCK2", 
   "ph": "B", 
   "args": {
    "cargo": [], 
    "transport": "TRUCK:TRUCK2"
   }, 
   "pid": "TRUCK:TRUCK2", 
   "ts": 1, 
   "cat": "ddd"
  }, 
  {
   "tid": "TRUCK:TRUCK1", 
   "ph": "E", 
   "args": {
    "cargo": [], 
    "transport": "TRUCK:TRUCK1"
   }, 
   "pid": "TRUCK:TRUCK1", 
   "ts": 2, 
   "cat": "ddd"
  }, 
  {
   "tid": "TRUCK:TRUCK2", 
   "ph": "E", 
   "args": {
    "cargo": [], 
    "transport": "TRUCK:TRUCK2"
   }, 
   "pid": "TRUCK:TRUCK2", 
   "ts": 2, 
   "cat": "ddd"
  }, 
  {
   "name": "PORT-A", 
   "tid": "FERRY:FERRY", 
   "ph": "B", 
   "args": {
    "cargo": [
     "CARGO:FACTORY_A_0", 
     "CARGO:FACTORY_A_1"
    ], 
    "transport": "FERRY:FERRY"
   }, 
   "pid": "FERRY:FERRY", 
   "ts": 2, 
   "cat": "ddd"
  }, 
  {
   "name": "FACTORY-B", 
   "tid": "TRUCK:TRUCK1", 
   "ph": "B", 
   "args": {
    "cargo": [
     "CARGO:FACTORY_B_2"
    ], 
    "transport": "TRUCK:TRUCK1"
   }, 
   "pid": "TRUCK:TRUCK1", 
   "ts": 2, 
   "cat": "ddd"
  }, 
  {
   "name": "FACTORY-PORT", 
   "tid": "TRUCK:TRUCK2", 
   "ph": "B", 
   "args": {
    "cargo": [
     "CARGO:FACTORY_A_3"
    ], 
    "transport": "TRUCK:TRUCK2"
   }, 
   "pid": "TRUCK:TRUCK2", 
   "ts": 2, 
   "cat": "ddd"
  }, 
  {
   "tid": "TRUCK:TRUCK2", 
   "ph": "E", 
   "args": {
    "cargo": [
     "CARGO:FACTORY_A_3"
    ], 
    "transport": "TRUCK:TRUCK2"
   }, 
   "pid": "TRUCK:TRUCK2", 
   "ts": 3, 
   "cat": "ddd"
  }, 
  {
   "name": "PORT-FACTORY", 
   "tid": "TRUCK:TRUCK2", 
   "ph": "B", 
   "args": {
    "cargo": [], 
    "transport": "TRUCK:TRUCK2"
   }, 
   "pid": "TRUCK:TRUCK2", 
   "ts": 3, 
   "cat": "ddd"
  }, 
  {
   "tid": "TRUCK:TRUCK2", 
   "ph": "E", 
   "args": {
    "cargo": [], 
    "transport": "TRUCK:TRUCK2"
   }, 
   "pid": "TRUCK:TRUCK2", 
   "ts": 4, 
   "cat": "ddd"
  }, 
  {
   "name": "FACTORY-B", 
   "tid": "TRUCK:TRUCK2", 
   "ph": "B", 
   "args": {
    "cargo": [
     "CARGO:FACTORY_B_4"
    ], 
    "transport": "TRUCK:TRUCK2"
   }, 
   "pid": "TRUCK:TRUCK2", 
   "ts": 4, 
   "cat": "ddd"
  }, 
  {
   "tid": "TRUCK:TRUCK1", 
   "ph": "E", 
   "args": {
    "cargo": [
     "CARGO:FACTORY_B_2"
    ], 
    "transport": "TRUCK:TRUCK1"
   }, 
   "pid": "TRUCK:TRUCK1", 
   "ts": 7, 
   "cat": "ddd"
  }, 
  {
   "name": "B-FACTORY", 
   "tid": "TRUCK:TRUCK1", 
   "ph": "B", 
   "args": {
    "cargo": [], 
    "transport": "TRUCK:TRUCK1"
   }, 
   "pid": "TRUCK:TRUCK1", 
   "ts": 7, 
   "cat": "ddd"
  }, 
  {
   "tid": "FERRY:FERRY", 
   "ph": "E", 
   "args": {
    "cargo": [
     "CARGO:FACTORY_A_0", 
     "CARGO:FACTORY_A_1"
    ], 
    "transport": "FERRY:FERRY"
   }, 
   "pid": "FERRY:FERRY", 
   "ts": 8, 
   "cat": "ddd"
  }, 
  {
   "tid": "TRUCK:TRUCK2", 
   "ph": "E", 
   "args": {
    "cargo": [
     "CARGO:FACTORY_B_4"
    ], 
    "transport": "TRUCK:TRUCK2"
   }, 
   "pid": "TRUCK:TRUCK2", 
   "ts": 9, 
   "cat": "ddd"
  }, 
  {
   "name": "A-PORT", 
   "tid": "FERRY:FERRY", 
   "ph": "B", 
   "args": {
    "cargo": [], 
    "transport": "FERRY:FERRY"
   }, 
   "pid": "FERRY:FERRY", 
   "ts": 9, 
   "cat": "ddd"
  }, 
  {
   "name": "B-FACTORY", 
   "tid": "TRUCK:TRUCK2", 
   "ph": "B", 
   "args": {
    "cargo": [], 
    "transport": "TRUCK:TRUCK2"
   }, 
   "pid": "TRUCK:TRUCK2", 
   "ts": 9, 
   "cat": "ddd"
  }, 
  {
   "tid": "TRUCK:TRUCK1", 
   "ph": "E", 
   "args": {
    "cargo": [], 
    "transport": "TRUCK:TRUCK1"
   }, 
   "pid": "TRUCK:TRUCK1", 
   "ts": 12, 
   "cat": "ddd"
  }, 
  {
   "name": "FACTORY-B", 
   "tid": "TRUCK:TRUCK1", 
   "ph": "B", 
   "args": {
    "cargo": [
     "CARGO:FACTORY_B_5"
    ], 
    "transport": "TRUCK:TRUCK1"
   }, 
   "pid": "TRUCK:TRUCK1", 
   "ts": 12, 
   "cat": "ddd"
  }, 
  {
   "tid": "TRUCK:TRUCK2", 
   "ph": "E", 
   "args": {
    "cargo": [], 
    "transport": "TRUCK:TRUCK2"
   }, 
   "pid": "TRUCK:TRUCK2", 
   "ts": 14, 
   "cat": "ddd"
  }, 
  {
   "name": "FACTORY-PORT", 
   "tid": "TRUCK:TRUCK2", 
   "ph": "B", 
   "args": {
    "cargo": [
     "CARGO:FACTORY_A_6"
    ], 
    "transport": "TRUCK:TRUCK2"
   }, 
   "pid": "TRUCK:TRUCK2", 
   "ts": 14, 
   "cat": "ddd"
  }, 
  {
   "tid": "FERRY:FERRY", 
   "ph": "E", 
   "args": {
    "cargo": [], 
    "transport": "FERRY:FERRY"
   }, 
   "pid": "FERRY:FERRY", 
   "ts": 15, 
   "cat": "ddd"
  }, 
  {
   "tid": "TRUCK:TRUCK2", 
   "ph": "E", 
   "args": {
    "cargo": [
     "CARGO:FACTORY_A_6"
    ], 
    "transport": "TRUCK:TRUCK2"
   }, 
   "pid": "TRUCK:TRUCK2", 
   "ts": 15, 
   "cat": "ddd"
  }, 
  {
   "name": "PORT-FACTORY", 
   "tid": "TRUCK:TRUCK2", 
   "ph": "B", 
   "args": {
    "cargo": [], 
    "transport": "TRUCK:TRUCK2"
   }, 
   "pid": "TRUCK:TRUCK2", 
   "ts": 15, 
   "cat": "ddd"
  }, 
  {
   "tid": "TRUCK:TRUCK2", 
   "ph": "E", 
   "args": {
    "cargo": [], 
    "transport": "TRUCK:TRUCK2"
   }, 
   "pid": "TRUCK:TRUCK2", 
   "ts": 16, 
   "cat": "ddd"
  }, 
  {
   "name": "PORT-A", 
   "tid": "FERRY:FERRY", 
   "ph": "B", 
   "args": {
    "cargo": [
     "CARGO:FACTORY_A_3", 
     "CARGO:FACTORY_A_6"
    ], 
    "transport": "FERRY:FERRY"
   }, 
   "pid": "FERRY:FERRY", 
   "ts": 16, 
   "cat": "ddd"
  }, 
  {
   "name": "FACTORY-B", 
   "tid": "TRUCK:TRUCK2", 
   "ph": "B", 
   "args": {
    "cargo": [
     "CARGO:FACTORY_B_7"
    ], 
    "transport": "TRUCK:TRUCK2"
   }, 
   "pid": "TRUCK:TRUCK2", 
   "ts": 16, 
   "cat": "ddd"
  }, 
  {
   "tid": "TRUCK:TRUCK1", 
   "ph": "E", 
   "args": {
    "cargo": [
     "CARGO:FACTORY_B_5"
    ], 
    "transport": "TRUCK:TRUCK1"
   }, 
   "pid": "TRUCK:TRUCK1", 
   "ts": 17, 
   "cat": "ddd"
  }, 
  {
   "name": "B-FACTORY", 
   "tid": "TRUCK:TRUCK1", 
   "ph": "B", 
   "args": {
    "cargo": [], 
    "transport": "TRUCK:TRUCK1"
   }, 
   "pid": "TRUCK:TRUCK1", 
   "ts": 17, 
   "cat": "ddd"
  }, 
  {
   "tid": "TRUCK:TRUCK2", 
   "ph": "E", 
   "args": {
    "cargo": [
     "CARGO:FACTORY_B_7"
    ], 
    "transport": "TRUCK:TRUCK2"
   }, 
   "pid": "TRUCK:TRUCK2", 
   "ts": 21, 
   "cat": "ddd"
  }, 
  {
   "name": "B-FACTORY", 
   "tid": "TRUCK:TRUCK2", 
   "ph": "B", 
   "args": {
    "cargo": [], 
    "transport": "TRUCK:TRUCK2"
   }, 
   "pid": "TRUCK:TRUCK2", 
   "ts": 21, 
   "cat": "ddd"
  }, 
  {
   "tid": "FERRY:FERRY", 
   "ph": "E", 
   "args": {
    "cargo": [
     "CARGO:FACTORY_A_3", 
     "CARGO:FACTORY_A_6"
    ], 
    "transport": "FERRY:FERRY"
   }, 
   "pid": "FERRY:FERRY", 
   "ts": 22, 
   "cat": "ddd"
  }, 
  {
   "tid": "TRUCK:TRUCK1", 
   "ph": "E", 
   "args": {
    "cargo": [], 
    "transport": "TRUCK:TRUCK1"
   }, 
   "pid": "TRUCK:TRUCK1", 
   "ts": 22, 
   "cat": "ddd"
  }, 
  {
   "name": "A-PORT", 
   "tid": "FERRY:FERRY", 
   "ph": "B", 
   "args": {
    "cargo": [], 
    "transport": "FERRY:FERRY"
   }, 
   "pid": "FERRY:FERRY", 
   "ts": 23, 
   "cat": "ddd"
  }
 ]
}
