{
 "displayTimeUnit": "ms",
 "traceEvents": [
  {
   "ts": 0,
   "pid": "TRUCK:TRUCK1",
   "tid": "TRUCK:TRUCK1",
   "cat": "ddd",
   "args": {
    "cargo": [
     "CARGO:FACTORY_A_0"
    ],
    "transport": "TRUCK:TRUCK1"
   },
   "ph": "B",
   "name": "FACTORY-PORT"
  },
  {
   "ts": 0,
   "pid": "TRUCK:TRUCK2",
   "tid": "TRUCK:TRUCK2",
   "cat": "ddd",
   "args": {
    "cargo": [
     "CARGO:FACTORY_B_1"
    ],
    "transport": "TRUCK:TRUCK2"
   },
   "ph": "B",
   "name": "FACTORY-B"
  },
  {
   "ts": 1,
   "pid": "TRUCK:TRUCK1",
   "tid": "TRUCK:TRUCK1",
   "cat": "ddd",
   "args": {
    "cargo": [
     "CARGO:FACTORY_A_0"
    ],
    "transport": "TRUCK:TRUCK1"
   },
   "ph": "E"
  },
  {
   "ts": 1,
   "pid": "TRUCK:TRUCK1",
   "tid": "TRUCK:TRUCK1",
   "cat": "ddd",
   "args": {
    "cargo": [],
    "transport": "TRUCK:TRUCK1"
   },
   "ph": "B",
   "name": "PORT-FACTORY"
  },
  {
   "ts": 1,
   "pid": "SHIP:SHIP",
   "tid": "SHIP:SHIP",
   "cat": "ddd",
   "args": {
    "cargo": [
     "CARGO:FACTORY_A_0"
    ],
    "transport": "SHIP:SHIP"
   },
   "ph": "X",
   "dur": 1,
   "name": "LOAD"
  },
  {
   "ts": 2,
   "pid": "TRUCK:TRUCK1",
   "tid": "TRUCK:TRUCK1",
   "cat": "ddd",
   "args": {
    "cargo": [],
    "transport": "TRUCK:TRUCK1"
   },
   "ph": "E"
  },
  {
   "ts": 2,
   "pid": "SHIP:SHIP",
   "tid": "SHIP:SHIP",
   "cat": "ddd",
   "args": {
    "cargo": [
     "CARGO:FACTORY_A_0"
    ],
    "transport": "SHIP:SHIP"
   },
   "ph": "B",
   "name": "PORT-A"
  },
  {
   "ts": 2,
   "pid": "TRUCK:TRUCK1",
   "tid": "TRUCK:TRUCK1",
   "cat": "ddd",
   "args": {
    "cargo": [
     "CARGO:FACTORY_B_2"
    ],
    "transport": "TRUCK:TRUCK1"
   },
   "ph": "B",
   "name": "FACTORY-B"
  },
  {
   "ts": 5,
   "pid": "TRUCK:TRUCK2",
   "tid": "TRUCK:TRUCK2",
   "cat": "ddd",
   "args": {
    "cargo": [
     "CARGO:FACTORY_B_1"
    ],
    "transport": "TRUCK:TRUCK2"
   },
   "ph": "E"
  },
  {
   "ts": 5,
   "pid": "TRUCK:TRUCK2",
   "tid": "TRUCK:TRUCK2",
   "cat": "ddd",
   "args": {
    "cargo": [],
    "transport": "TRUCK:TRUCK2"
   },
   "ph": "B",
   "name": "B-FACTORY"
  },
  {
   "ts": 7,
   "pid": "TRUCK:TRUCK1",
   "tid": "TRUCK:TRUCK1",
   "cat": "ddd",
   "args": {
    "cargo": [
     "CARGO:FACTORY_B_2"
    ],
    "transport": "TRUCK:TRUCK1"
   },
   "ph": "E"
  },
  {
   "ts": 7,
   "pid": "TRUCK:TRUCK1",
   "tid": "TRUCK:TRUCK1",
   "cat": "ddd",
   "args": {
    "cargo": [],
    "transport": "TRUCK:TRUCK1"
   },
   "ph": "B",
   "name": "B-FACTORY"
  },
  {
   "ts": 8,
   "pid": "SHIP:SHIP",
   "tid": "SHIP:SHIP",
   "cat": "ddd",
   "args": {
    "cargo": [
     "CARGO:FACTORY_A_0"
    ],
    "transport": "SHIP:SHIP"
   },
   "ph": "E"
  },
  {
   "ts": 8,
   "pid": "SHIP:SHIP",
   "tid": "SHIP:SHIP",
   "cat": "ddd",
   "args": {
    "cargo": [
     "CARGO:FACTORY_A_0"
    ],
    "transport": "SHIP:SHIP"
   },
   "ph": "X",
   "dur": 1,
   "name": "UNLOAD"
  },
  {
   "ts": 9,
   "pid": "SHIP:SHIP",
   "tid": "SHIP:SHIP",
   "cat": "ddd",
   "args": {
    "cargo": [],
    "transport": "SHIP:SHIP"
   },
   "ph": "B",
   "name": "A-PORT"
  },
  {
   "ts": 10,
   "pid": "TRUCK:TRUCK2",
   "tid": "TRUCK:TRUCK2",
   "cat": "ddd",
   "args": {
    "cargo": [],
    "transport": "TRUCK:TRUCK2"
   },
   "ph": "E"
  },
  {
   "ts": 10,
   "pid": "TRUCK:TRUCK2",
   "tid": "TRUCK:TRUCK2",
   "cat": "ddd",
   "args": {
    "cargo": [
     "CARGO:FACTORY_B_3"
    ],
    "transport": "TRUCK:TRUCK2"
   },
   "ph": "B",
   "name": "FACTORY-B"
  },
  {
   "ts": 12,
   "pid": "TRUCK:TRUCK1",
   "tid": "TRUCK:TRUCK1",
   "cat": "ddd",
   "args": {
    "cargo": [],
    "transport": "TRUCK:TRUCK1"
   },
   "ph": "E"
  },
  {
   "ts": 12,
   "pid": "TRUCK:TRUCK1",
   "tid": "TRUCK:TRUCK1",
   "cat": "ddd",
   "args": {
    "cargo": [
     "CARGO:FACTORY_A_4"
    ],
    "transport": "TRUCK:TRUCK1"
   },
   "ph": "B",
   "name": "FACTORY-PORT"
  },
  {
   "ts": 13,
   "pid": "TRUCK:TRUCK1",
   "tid": "TRUCK:TRUCK1",
   "cat": "ddd",
   "args": {
    "cargo": [
     "CARGO:FACTORY_A_4"
    ],
    "transport": "TRUCK:TRUCK1"
   },
   "ph": "E"
  },
  {
   "ts": 13,
   "pid": "TRUCK:TRUCK1",
   "tid": "TRUCK:TRUCK1",
   "cat": "ddd",
   "args": {
    "cargo": [],
    "transport": "TRUCK:TRUCK1"
   },
   "ph": "B",
   "name": "PORT-FACTORY"
  },
  {
   "ts": 14,
   "pid": "TRUCK:TRUCK1",
   "tid": "TRUCK:TRUCK1",
   "cat": "ddd",
   "args": {
    "cargo": [],
    "transport": "TRUCK:TRUCK1"
   },
   "ph": "E"
  },
  {
   "ts": 14,
   "pid": "TRUCK:TRUCK1",
   "tid": "TRUCK:TRUCK1",
   "cat": "ddd",
   "args": {
    "cargo": [
     "CARGO:FACTORY_B_5"
    ],
    "transport": "TRUCK:TRUCK1"
   },
   "ph": "B",
   "name": "FACTORY-B"
  },
  {
   "ts": 15,
   "pid": "SHIP:SHIP",
   "tid": "SHIP:SHIP",
   "cat": "ddd",
   "args": {
    "cargo": [],
    "transport": "SHIP:SHIP"
   },
   "ph": "E"
  },
  {
   "ts": 15,
   "pid": "TRUCK:TRUCK2",
   "tid": "TRUCK:TRUCK2",
   "cat": "ddd",
   "args": {
    "cargo": [
     "CARGO:FACTORY_B_3"
    ],
    "transport": "TRUCK:TRUCK2"
   },
   "ph": "E"
  },
  {
   "ts": 15,
   "pid": "TRUCK:TRUCK2",
   "tid": "TRUCK:TRUCK2",
   "cat": "ddd",
   "args": {
    "cargo": [],
    "transport": "TRUCK:TRUCK2"
   },
   "ph": "B",
   "name": "B-FACTORY"
  },
  {
   "ts": 15,
   "pid": "SHIP:SHIP",
   "tid": "SHIP:SHIP",
   "cat": "ddd",
   "args": {
    "cargo": [
     "CARGO:FACTORY_A_4"
    ],
    "transport": "SHIP:SHIP"
   },
   "ph": "X",
   "dur": 1,
   "name": "LOAD"
  },
  {
   "ts": 16,
   "pid": "SHIP:SHIP",
   "tid": "SHIP:SHIP",
   "cat": "ddd",
   "args": {
    "cargo": [
     "CARGO:FACTORY_A_4"
    ],
    "transport": "SHIP:SHIP"
   },
   "ph": "B",
   "name": "PORT-A"
  },
  {
   "ts": 19,
   "pid": "TRUCK:TRUCK1",
   "tid": "TRUCK:TRUCK1",
   "cat": "ddd",
   "args": {
    "cargo": [
     "CARGO:FACTORY_B_5"
    ],
    "transport": "TRUCK:TRUCK1"
   },
   "ph": "E"
  },
  {
   "ts": 19,
   "pid": "TRUCK:TRUCK1",
   "tid": "TRUCK:TRUCK1",
   "cat": "ddd",
   "args": {
    "cargo": [],
    "transport": "TRUCK:TRUCK1"
   },
   "ph": "B",
   "name": "B-FACTORY"
  },
  {
   "ts": 20,
   "pid": "TRUCK:TRUCK2",
   "tid": "TRUCK:TRUCK2",
   "cat": "ddd",
   "args": {
    "cargo": [],
    "transport": "TRUCK:TRUCK2"
   },
   "ph": "E"
  },
  {
   "ts": 20,
   "pid": "TRUCK:TRUCK2",
   "tid": "TRUCK:TRUCK2",
   "cat": "ddd",
   "args": {
    "cargo": [
     "CARGO:FACTORY_A_6"
    ],
    "transport": "TRUCK:TRUCK2"
   },
   "ph": "B",
   "name": "FACTORY-PORT"
  },
  {
   "ts": 21,
   "pid": "TRUCK:TRUCK2",
   "tid": "TRUCK:TRUCK2",
   "cat": "ddd",
   "args": {
    "cargo": [
     "CARGO:FACTORY_A_6"
    ],
    "transport": "TRUCK:TRUCK2"
   },
   "ph": "E"
  },
  {
   "ts": 21,
   "pid": "TRUCK:TRUCK2",
   "tid": "TRUCK:TRUCK2",
   "cat": "ddd",
   "args": {
    "cargo": [],
    "transport": "TRUCK:TRUCK2"
   },
   "ph": "B",
   "name": "PORT-FACTORY"
  },
  {
   "ts": 22,
   "pid": "SHIP:SHIP",
   "tid": "SHIP:SHIP",
   "cat": "ddd",
   "args": {
    "cargo": [
     "CARGO:FACTORY_A_4"
    ],
    "transport": "SHIP:SHIP"
   },
   "ph": "E"
  },
  {
   "ts": 22,
   "pid": "SHIP:SHIP",
   "tid": "SHIP:SHIP",
   "cat": "ddd",
   "args": {
    "cargo": [
     "CARGO:FACTORY_A_4"
    ],
    "transport": "SHIP:SHIP"
   },
   "ph": "X",
   "dur": 1,
   "name": "UNLOAD"
  },
  {
   "ts": 22,
   "pid": "TRUCK:TRUCK2",
   "tid": "TRUCK:TRUCK2",
   "cat": "ddd",
   "args": {
    "cargo": [],
    "transport": "TRUCK:TRUCK2"
   },
   "ph": "E"
  },
  {
   "ts": 22,
   "pid": "TRUCK:TRUCK2",
   "tid": "TRUCK:TRUCK2",
   "cat": "ddd",
   "args": {
    "cargo": [
     "CARGO:FACTORY_A_7"
    ],
    "transport": "TRUCK:TRUCK2"
   },
   "ph": "B",
   "name": "FACTORY-PORT"
  },
  {
   "ts": 23,
   "pid": "TRUCK:TRUCK2",
   "tid": "TRUCK:TRUCK2",
   "cat": "ddd",
   "args": {
    "cargo": [
     "CARGO:FACTORY_A_7"
    ],
    "transport": "TRUCK:TRUCK2"
   },
   "ph": "E"
  },
  {
   "ts": 23,
   "pid": "SHIP:SHIP",
   "tid": "SHIP:SHIP",
   "cat": "ddd",
   "args": {
    "cargo": [],
    "transport": "SHIP:SHIP"
   },
   "ph": "B",
   "name": "A-PORT"
  },
  {
   "ts": 23,
   "pid": "TRUCK:TRUCK2",
   "tid": "TRUCK:TRUCK2",
   "cat": "ddd",
   "args": {
    "cargo": [],
    "transport": "TRUCK:TRUCK2"
   },
   "ph": "B",
   "name": "PORT-FACTORY"
  },
  {
   "ts": 24,
   "pid": "TRUCK:TRUCK1",
   "tid": "TRUCK:TRUCK1",
   "cat": "ddd",
   "args": {
    "cargo": [],
    "transport": "TRUCK:TRUCK1"
   },
   "ph": "E"
  },
  {
   "ts": 24,
   "pid": "TRUCK:TRUCK2",
   "tid": "TRUCK:TRUCK2",
   "cat": "ddd",
   "args": {
    "cargo": [],
    "transport": "TRUCK:TRUCK2"
   },
   "ph": "E"
  },
  {
   "ts": 24,
   "pid": "TRUCK:TRUCK1",
   "tid": "TRUCK:TRUCK1",
   "cat": "ddd",
   "args": {
    "cargo": [
     "CARGO:FACTORY_A_8"
    ],
    "transport": "TRUCK:TRUCK1"
   },
   "ph": "B",
   "name": "FACTORY-PORT"
  },
  {
   "ts": 24,
   "pid": "TRUCK:TRUCK2",
   "tid": "TRUCK:TRUCK2",
   "cat": "ddd",
   "args": {
    "cargo": [
     "CARGO:FACTORY_B_9"
    ],
    "transport": "TRUCK:TRUCK2"
   },
   "ph": "B",
   "name": "FACTORY-B"
  },
  {
   "ts": 25,
   "pid": "TRUCK:TRUCK1",
   "tid": "TRUCK:TRUCK1",
   "cat": "ddd",
   "args": {
    "cargo": [
     "CARGO:FACTORY_A_8"
    ],
    "transport": "TRUCK:TRUCK1"
   },
   "ph": "E"
  },
  {
   "ts": 25,
   "pid": "TRUCK:TRUCK1",
   "tid": "TRUCK:TRUCK1",
   "cat": "ddd",
   "args": {
    "cargo": [],
    "transport": "TRUCK:TRUCK1"
   },
   "ph": "B",
   "name": "PORT-FACTORY"
  },
  {
   "ts": 26,
   "pid": "TRUCK:TRUCK1",
   "tid": "TRUCK:TRUCK1",
   "cat": "ddd",
   "args": {
    "cargo": [],
    "transport": "TRUCK:TRUCK1"
   },
   "ph": "E"
  },
  {
   "ts": 26,
   "pid": "TRUCK:TRUCK1",
   "tid": "TRUCK:TRUCK1",
   "cat": "ddd",
   "args": {
    "cargo": [
     "CARGO:FACTORY_B_10"
    ],
    "transport": "TRUCK:TRUCK1"
   },
   "ph": "B",
   "name": "FACTORY-B"
  },
  {
   "ts": 29,
   "pid": "SHIP:SHIP",
   "tid": "SHIP:SHIP",
   "cat": "ddd",
   "args": {
    "cargo": [],
    "transport": "SHIP:SHIP"
   },
   "ph": "E"
  },
  {
   "ts": 29,
   "pid": "TRUCK:TRUCK2",
   "tid": "TRUCK:TRUCK2",
   "cat": "ddd",
   "args": {
    "cargo": [
     "CARGO:FACTORY_B_9"
    ],
    "transport": "TRUCK:TRUCK2"
   },
   "ph": "E"
  },
  {
   "ts": 29,
   "pid": "TRUCK:TRUCK2",
   "tid": "TRUCK:TRUCK2",
   "cat": "ddd",
   "args": {
    "cargo": [],
    "transport": "TRUCK:TRUCK2"
   },
   "ph": "B",
   "name": "B-FACTORY"
  },
  {
   "ts": 29,
   "pid": "SHIP:SHIP",
   "tid": "SHIP:SHIP",
   "cat": "ddd",
   "args": {
    "cargo": [
     "CARGO:FACTORY_A_6",
     "CARGO:FACTORY_A_7",
     "CARGO:FACTORY_A_8"
    ],
    "transport": "SHIP:SHIP"
   },
   "ph": "X",
   "dur": 1,
   "name": "LOAD"
  },
  {
   "ts": 30,
   "pid": "SHIP:SHIP",
   "tid": "SHIP:SHIP",
   "cat": "ddd",
   "args": {
    "cargo": [
     "CARGO:FACTORY_A_6",
     "CARGO:FACTORY_A_7",
     "CARGO:FACTORY_A_8"
    ],
    "transport": "SHIP:SHIP"
   },
   "ph": "B",
   "name": "PORT-A"
  },
  {
   "ts": 31,
   "pid": "TRUCK:TRUCK1",
   "tid": "TRUCK:TRUCK1",
   "cat": "ddd",
   "args": {
    "cargo": [
     "CARGO:FACTORY_B_10"
    ],
    "transport": "TRUCK:TRUCK1"
   },
   "ph": "E"
  },
  {
   "ts": 31,
   "pid": "TRUCK:TRUCK1",
   "tid": "TRUCK:TRUCK1",
   "cat": "ddd",
   "args": {
    "cargo": [],
    "transport": "TRUCK:TRUCK1"
   },
   "ph": "B",
   "name": "B-FACTORY"
  },
  {
   "ts": 34,
   "pid": "TRUCK:TRUCK2",
   "tid": "TRUCK:TRUCK2",
   "cat": "ddd",
   "args": {
    "cargo": [],
    "transport": "TRUCK:TRUCK2"
   },
   "ph": "E"
  },
  {
   "ts": 34,
   "pid": "TRUCK:TRUCK2",
   "tid": "TRUCK:TRUCK2",
   "cat": "ddd",
   "args": {
    "cargo": [
     "CARGO:FACTORY_B_11"
    ],
    "transport": "TRUCK:TRUCK2"
   },
   "ph": "B",
   "name": "FACTORY-B"
  },
  {
   "ts": 36,
   "pid": "SHIP:SHIP",
   "tid": "SHIP:SHIP",
   "cat": "ddd",
   "args": {
    "cargo": [
     "CARGO:FACTORY_A_6",
     "CARGO:FACTORY_A_7",
     "CARGO:FACTORY_A_8"
    ],
    "transport": "SHIP:SHIP"
   },
   "ph": "E"
  },
  {
   "ts": 36,
   "pid": "SHIP:SHIP",
   "tid": "SHIP:SHIP",
   "cat": "ddd",
   "args": {
    "cargo": [
     "CARGO:FACTORY_A_6",
     "CARGO:FACTORY_A_7",
     "CARGO:FACTORY_A_8"
    ],
    "transport": "SHIP:SHIP"
   },
   "ph": "X",
   "dur": 1,
   "name": "UNLOAD"
  },
  {
   "ts": 36,
   "pid": "TRUCK:TRUCK1",
   "tid": "TRUCK:TRUCK1",
   "cat": "ddd",
   "args": {
    "cargo": [],
    "transport": "TRUCK:TRUCK1"
   },
   "ph": "E"
  },
  {
   "ts": 37,
   "pid": "SHIP:SHIP",
   "tid": "SHIP:SHIP",
   "cat": "ddd",
   "args": {
    "cargo": [],
    "transport": "SHIP:SHIP"
   },
   "ph": "B",
   "name": "A-PORT"
  },
  {
   "ts": 39,
   "pid": "TRUCK:TRUCK2",
   "tid": "TRUCK:TRUCK2",
   "cat": "ddd",
   "args": {
    "cargo": [
     "CARGO:FACTORY_B_11"
    ],
    "transport": "TRUCK:TRUCK2"
   },
   "ph": "E"
  },
  {
   "ts": 39,
   "pid": "TRUCK:TRUCK2",
   "tid": "TRUCK:TRUCK2",
   "cat": "ddd",
   "args": {
    "cargo": [],
    "transport": "TRUCK:TRUCK2"
   },
   "ph": "B",
   "name": "B-FACTORY"
  }
 ]
}
